[2025-11-02T22:19:04.953Z] ================================================================================
[2025-11-02T22:19:04.954Z] Starting Dialogue AIF Links Migration
[2025-11-02T22:19:04.954Z] Mode: PRODUCTION
[2025-11-02T22:19:04.954Z] ================================================================================
[2025-11-02T22:19:05.626Z] 
Found 207 dialogue moves to process
[2025-11-02T22:19:05.626Z] 
⚠️  WARNING: This will modify the database!
[2025-11-02T22:19:05.626Z] Press Ctrl+C to cancel, or wait 5 seconds to continue...

[2025-11-02T22:19:10.628Z] Proceeding with migration...

[2025-11-02T22:19:10.628Z] 
================================================================================
[2025-11-02T22:19:10.628Z] Processing batch 1 (offset 0)
[2025-11-02T22:19:10.628Z] ================================================================================
[2025-11-02T22:19:11.038Z] 
Processing move cmf3d0msw0008rmmeyiivhgzg (WHY) at 2025-09-03T02:30:08.186Z
[2025-11-02T22:19:11.039Z]   Creating DM-node: DM:cmf3d0msw0008rmmeyiivhgzg (WHY)
[2025-11-02T22:19:11.619Z]   ERROR processing move cmf3d0msw0008rmmeyiivhgzg: 
Invalid `prisma.$executeRaw()` invocation:


Raw query failed. Code: `42P01`. Message: `relation "AifNode" does not exist`
[2025-11-02T22:19:11.619Z] 
Processing move cmf3d0n4z0009rmmedmivh0x7 (WHY) at 2025-09-03T02:30:08.676Z
[2025-11-02T22:19:11.619Z]   Creating DM-node: DM:cmf3d0n4z0009rmmedmivh0x7 (WHY)
[2025-11-02T22:19:11.808Z]   ERROR processing move cmf3d0n4z0009rmmedmivh0x7: 
Invalid `prisma.$executeRaw()` invocation:


Raw query failed. Code: `42P01`. Message: `relation "AifNode" does not exist`
[2025-11-02T22:19:11.809Z] 
Processing move cmf3deojz000armme4eg17lqk (WHY) at 2025-09-03T02:41:03.696Z
[2025-11-02T22:19:11.809Z]   Creating DM-node: DM:cmf3deojz000armme4eg17lqk (WHY)
[2025-11-02T22:19:12.016Z]   ERROR processing move cmf3deojz000armme4eg17lqk: 
Invalid `prisma.$executeRaw()` invocation:


Raw query failed. Code: `42P01`. Message: `relation "AifNode" does not exist`
[2025-11-02T22:19:12.016Z] 
Processing move cmf3deqfo000brmmevkdqepw5 (WHY) at 2025-09-03T02:41:06.132Z
[2025-11-02T22:19:12.016Z]   Creating DM-node: DM:cmf3deqfo000brmmevkdqepw5 (WHY)
[2025-11-02T22:19:12.213Z]   ERROR processing move cmf3deqfo000brmmevkdqepw5: 
Invalid `prisma.$executeRaw()` invocation:


Raw query failed. Code: `42P01`. Message: `relation "AifNode" does not exist`
[2025-11-02T22:19:12.213Z] 
Processing move cmf3drnhh000crmmeowbl3t5o (GROUNDS) at 2025-09-03T02:51:08.783Z
[2025-11-02T22:19:12.213Z]   Creating DM-node: DM:cmf3drnhh000crmmeowbl3t5o (GROUNDS)
[2025-11-02T22:19:12.409Z]   ERROR processing move cmf3drnhh000crmmeowbl3t5o: 
Invalid `prisma.$executeRaw()` invocation:


Raw query failed. Code: `42P01`. Message: `relation "AifNode" does not exist`
[2025-11-02T22:19:12.409Z] 
Processing move cmf3drped000drmmenh6rr8sb (WHY) at 2025-09-03T02:51:11.317Z
[2025-11-02T22:19:12.410Z]   Creating DM-node: DM:cmf3drped000drmmenh6rr8sb (WHY)
[2025-11-02T22:19:12.606Z]   ERROR processing move cmf3drped000drmmenh6rr8sb: 
Invalid `prisma.$executeRaw()` invocation:


Raw query failed. Code: `42P01`. Message: `relation "AifNode" does not exist`
[2025-11-02T22:19:12.606Z] 
Processing move cmf3drpx2000ermme76bx0t0x (GROUNDS) at 2025-09-03T02:51:11.990Z
[2025-11-02T22:19:12.606Z]   Creating DM-node: DM:cmf3drpx2000ermme76bx0t0x (GROUNDS)
[2025-11-02T22:19:12.810Z]   ERROR processing move cmf3drpx2000ermme76bx0t0x: 
Invalid `prisma.$executeRaw()` invocation:


Raw query failed. Code: `42P01`. Message: `relation "AifNode" does not exist`
[2025-11-02T22:19:12.810Z] 
Processing move cmf3drq73000frmme5uxavgjz (GROUNDS) at 2025-09-03T02:51:12.351Z
[2025-11-02T22:19:12.810Z]   Creating DM-node: DM:cmf3drq73000frmme5uxavgjz (GROUNDS)
[2025-11-02T22:19:13.006Z]   ERROR processing move cmf3drq73000frmme5uxavgjz: 
Invalid `prisma.$executeRaw()` invocation:


Raw query failed. Code: `42P01`. Message: `relation "AifNode" does not exist`
[2025-11-02T22:19:13.006Z] 
Processing move cmf3drt42000grmme9tkxg6iq (GROUNDS) at 2025-09-03T02:51:16.130Z
[2025-11-02T22:19:13.006Z]   Creating DM-node: DM:cmf3drt42000grmme9tkxg6iq (GROUNDS)
[2025-11-02T22:19:13.207Z]   ERROR processing move cmf3drt42000grmme9tkxg6iq: 
Invalid `prisma.$executeRaw()` invocation:


Raw query failed. Code: `42P01`. Message: `relation "AifNode" does not exist`
[2025-11-02T22:19:13.207Z] 
Processing move cmf3drthm000hrmmelch1n9ng (WHY) at 2025-09-03T02:51:16.618Z
[2025-11-02T22:19:13.207Z]   Creating DM-node: DM:cmf3drthm000hrmmelch1n9ng (WHY)
[2025-11-02T22:19:13.396Z]   ERROR processing move cmf3drthm000hrmmelch1n9ng: 
Invalid `prisma.$executeRaw()` invocation:


Raw query failed. Code: `42P01`. Message: `relation "AifNode" does not exist`
[2025-11-02T22:19:13.396Z] 
Processing move cmf3f62g5000irmmehbucny23 (WHY) at 2025-09-03T03:30:20.976Z
[2025-11-02T22:19:13.396Z]   Creating DM-node: DM:cmf3f62g5000irmmehbucny23 (WHY)
[2025-11-02T22:19:13.587Z]   ERROR processing move cmf3f62g5000irmmehbucny23: 
Invalid `prisma.$executeRaw()` invocation:


Raw query failed. Code: `42P01`. Message: `relation "AifNode" does not exist`
[2025-11-02T22:19:13.587Z] 
Processing move cmf3f63mt000jrmmet84w1rar (WHY) at 2025-09-03T03:30:22.565Z
[2025-11-02T22:19:13.587Z]   Creating DM-node: DM:cmf3f63mt000jrmmet84w1rar (WHY)
[2025-11-02T22:19:13.798Z]   ERROR processing move cmf3f63mt000jrmmet84w1rar: 
Invalid `prisma.$executeRaw()` invocation:


Raw query failed. Code: `42P01`. Message: `relation "AifNode" does not exist`
[2025-11-02T22:19:13.799Z] 
Processing move cmf3f6jl4000krmme04usvnnp (ASSERT) at 2025-09-03T03:30:43.189Z
[2025-11-02T22:19:13.799Z]   Creating DM-node: DM:cmf3f6jl4000krmme04usvnnp (ASSERT)
[2025-11-02T22:19:13.990Z]   ERROR processing move cmf3f6jl4000krmme04usvnnp: 
Invalid `prisma.$executeRaw()` invocation:


Raw query failed. Code: `42P01`. Message: `relation "AifNode" does not exist`
[2025-11-02T22:19:13.990Z] 
Processing move cmf3fag44000lrmmepqgvpg9w (WHY) at 2025-09-03T03:33:45.300Z
[2025-11-02T22:19:13.990Z]   Creating DM-node: DM:cmf3fag44000lrmmepqgvpg9w (WHY)
[2025-11-02T22:19:14.182Z]   ERROR processing move cmf3fag44000lrmmepqgvpg9w: 
Invalid `prisma.$executeRaw()` invocation:


Raw query failed. Code: `42P01`. Message: `relation "AifNode" does not exist`
[2025-11-02T22:19:14.182Z] 
Processing move cmf3fairc000mrmme5671j0ad (GROUNDS) at 2025-09-03T03:33:48.792Z
[2025-11-02T22:19:14.182Z]   Creating DM-node: DM:cmf3fairc000mrmme5671j0ad (GROUNDS)
[2025-11-02T22:19:14.371Z]   ERROR processing move cmf3fairc000mrmme5671j0ad: 
Invalid `prisma.$executeRaw()` invocation:


Raw query failed. Code: `42P01`. Message: `relation "AifNode" does not exist`
[2025-11-02T22:19:14.371Z] 
Processing move cmf3faiv3000nrmmeiywrw6vi (WHY) at 2025-09-03T03:33:48.881Z
[2025-11-02T22:19:14.371Z]   Creating DM-node: DM:cmf3faiv3000nrmmeiywrw6vi (WHY)
[2025-11-02T22:19:14.568Z]   ERROR processing move cmf3faiv3000nrmmeiywrw6vi: 
Invalid `prisma.$executeRaw()` invocation:


Raw query failed. Code: `42P01`. Message: `relation "AifNode" does not exist`
[2025-11-02T22:19:14.569Z] 
Processing move cmf3g657c000ormme7g73op6s (RETRACT) at 2025-09-03T03:58:24.161Z
[2025-11-02T22:19:14.569Z]   Creating DM-node: DM:cmf3g657c000ormme7g73op6s (RETRACT)
[2025-11-02T22:19:14.765Z]   ERROR processing move cmf3g657c000ormme7g73op6s: 
Invalid `prisma.$executeRaw()` invocation:


Raw query failed. Code: `42P01`. Message: `relation "AifNode" does not exist`
[2025-11-02T22:19:14.765Z] 
Processing move cmf3g6bwv000prmme3d2esdnx (GROUNDS) at 2025-09-03T03:58:32.912Z
[2025-11-02T22:19:14.765Z]   Creating DM-node: DM:cmf3g6bwv000prmme3d2esdnx (GROUNDS)
[2025-11-02T22:19:14.956Z]   ERROR processing move cmf3g6bwv000prmme3d2esdnx: 
Invalid `prisma.$executeRaw()` invocation:


Raw query failed. Code: `42P01`. Message: `relation "AifNode" does not exist`
[2025-11-02T22:19:14.956Z] 
Processing move cmfc64tll0002rakphww2kjpt (GROUNDS) at 2025-09-09T06:27:21.945Z
[2025-11-02T22:19:14.956Z]   Creating DM-node: DM:cmfc64tll0002rakphww2kjpt (GROUNDS)
[2025-11-02T22:19:15.157Z]   ERROR processing move cmfc64tll0002rakphww2kjpt: 
Invalid `prisma.$executeRaw()` invocation:


Raw query failed. Code: `42P01`. Message: `relation "AifNode" does not exist`
[2025-11-02T22:19:15.157Z] 
Processing move cmfc64tlk0000rakpywcq088a (ASSERT) at 2025-09-09T06:27:21.945Z
[2025-11-02T22:19:15.158Z]   Creating DM-node: DM:cmfc64tlk0000rakpywcq088a (ASSERT)
[2025-11-02T22:19:15.549Z]   ERROR processing move cmfc64tlk0000rakpywcq088a: 
Invalid `prisma.$executeRaw()` invocation:


Raw query failed. Code: `42P01`. Message: `relation "AifNode" does not exist`
[2025-11-02T22:19:15.549Z] 
Processing move cmfc64tll0001rakp0556khnw (GROUNDS) at 2025-09-09T06:27:21.945Z
[2025-11-02T22:19:15.549Z]   Creating DM-node: DM:cmfc64tll0001rakp0556khnw (GROUNDS)
[2025-11-02T22:19:15.743Z]   ERROR processing move cmfc64tll0001rakp0556khnw: 
Invalid `prisma.$executeRaw()` invocation:


Raw query failed. Code: `42P01`. Message: `relation "AifNode" does not exist`
[2025-11-02T22:19:15.743Z] 
Processing move cmfd4nkgq0007rmdb2y4hrs60 (GROUNDS) at 2025-09-09T22:33:43.443Z
[2025-11-02T22:19:15.743Z]   Creating DM-node: DM:cmfd4nkgq0007rmdb2y4hrs60 (GROUNDS)
[2025-11-02T22:19:15.933Z]   ERROR processing move cmfd4nkgq0007rmdb2y4hrs60: 
Invalid `prisma.$executeRaw()` invocation:


Raw query failed. Code: `42P01`. Message: `relation "AifNode" does not exist`
[2025-11-02T22:19:15.934Z] 
Processing move cmfd6uylw003lrmdbkeaefvbg (GROUNDS) at 2025-09-09T23:35:27.594Z
[2025-11-02T22:19:15.934Z]   Creating DM-node: DM:cmfd6uylw003lrmdbkeaefvbg (GROUNDS)
[2025-11-02T22:19:16.125Z]   ERROR processing move cmfd6uylw003lrmdbkeaefvbg: 
Invalid `prisma.$executeRaw()` invocation:


Raw query failed. Code: `42P01`. Message: `relation "AifNode" does not exist`
[2025-11-02T22:19:16.125Z] 
Processing move cmfd6v41x003wrmdbgkbe6rqp (GROUNDS) at 2025-09-09T23:35:34.651Z
[2025-11-02T22:19:16.125Z]   Creating DM-node: DM:cmfd6v41x003wrmdbgkbe6rqp (GROUNDS)
[2025-11-02T22:19:16.325Z]   ERROR processing move cmfd6v41x003wrmdbgkbe6rqp: 
Invalid `prisma.$executeRaw()` invocation:


Raw query failed. Code: `42P01`. Message: `relation "AifNode" does not exist`
[2025-11-02T22:19:16.325Z] 
Processing move cmfd6xdrz005rrmdb3e0bule8 (GROUNDS) at 2025-09-09T23:37:20.639Z
[2025-11-02T22:19:16.325Z]   Creating DM-node: DM:cmfd6xdrz005rrmdb3e0bule8 (GROUNDS)
[2025-11-02T22:19:16.517Z]   ERROR processing move cmfd6xdrz005rrmdb3e0bule8: 
Invalid `prisma.$executeRaw()` invocation:


Raw query failed. Code: `42P01`. Message: `relation "AifNode" does not exist`
[2025-11-02T22:19:16.518Z] 
Processing move cmfd6xgor0062rmdbx78tjpav (RETRACT) at 2025-09-09T23:37:24.412Z
[2025-11-02T22:19:16.518Z]   Creating DM-node: DM:cmfd6xgor0062rmdbx78tjpav (RETRACT)
[2025-11-02T22:19:16.706Z]   ERROR processing move cmfd6xgor0062rmdbx78tjpav: 
Invalid `prisma.$executeRaw()` invocation:


Raw query failed. Code: `42P01`. Message: `relation "AifNode" does not exist`
[2025-11-02T22:19:16.707Z] 
Processing move cmfd6xh780063rmdbo74hkj19 (GROUNDS) at 2025-09-09T23:37:25.003Z
[2025-11-02T22:19:16.707Z]   Creating DM-node: DM:cmfd6xh780063rmdbo74hkj19 (GROUNDS)
[2025-11-02T22:19:16.908Z]   ERROR processing move cmfd6xh780063rmdbo74hkj19: 
Invalid `prisma.$executeRaw()` invocation:


Raw query failed. Code: `42P01`. Message: `relation "AifNode" does not exist`
[2025-11-02T22:19:16.908Z] 
Processing move cmfd6zo0i008yrmdbn533jah2 (GROUNDS) at 2025-09-09T23:39:07.218Z
[2025-11-02T22:19:16.909Z]   Creating DM-node: DM:cmfd6zo0i008yrmdbn533jah2 (GROUNDS)
[2025-11-02T22:19:17.098Z]   ERROR processing move cmfd6zo0i008yrmdbn533jah2: 
Invalid `prisma.$executeRaw()` invocation:


Raw query failed. Code: `42P01`. Message: `relation "AifNode" does not exist`
[2025-11-02T22:19:17.099Z] 
Processing move cmfd6zovq0093rmdbrrqogpg6 (GROUNDS) at 2025-09-09T23:39:08.342Z
[2025-11-02T22:19:17.099Z]   Creating DM-node: DM:cmfd6zovq0093rmdbrrqogpg6 (GROUNDS)
[2025-11-02T22:19:17.284Z]   ERROR processing move cmfd6zovq0093rmdbrrqogpg6: 
Invalid `prisma.$executeRaw()` invocation:


Raw query failed. Code: `42P01`. Message: `relation "AifNode" does not exist`
[2025-11-02T22:19:17.285Z] 
Processing move cmfd6zpta0098rmdbjqt5y3bc (GROUNDS) at 2025-09-09T23:39:09.550Z
[2025-11-02T22:19:17.285Z]   Creating DM-node: DM:cmfd6zpta0098rmdbjqt5y3bc (GROUNDS)
[2025-11-02T22:19:17.490Z]   ERROR processing move cmfd6zpta0098rmdbjqt5y3bc: 
Invalid `prisma.$executeRaw()` invocation:


Raw query failed. Code: `42P01`. Message: `relation "AifNode" does not exist`
[2025-11-02T22:19:17.490Z] 
Processing move cmfd6zuwq0099rmdbbha3iv14 (RETRACT) at 2025-09-09T23:39:16.155Z
[2025-11-02T22:19:17.490Z]   Creating DM-node: DM:cmfd6zuwq0099rmdbbha3iv14 (RETRACT)
[2025-11-02T22:19:17.677Z]   ERROR processing move cmfd6zuwq0099rmdbbha3iv14: 
Invalid `prisma.$executeRaw()` invocation:


Raw query failed. Code: `42P01`. Message: `relation "AifNode" does not exist`
[2025-11-02T22:19:17.677Z] 
Processing move cmfd76upp00d6rmdblurasom9 (RETRACT) at 2025-09-09T23:44:42.493Z
[2025-11-02T22:19:17.677Z]   Creating DM-node: DM:cmfd76upp00d6rmdblurasom9 (RETRACT)
[2025-11-02T22:19:17.870Z]   ERROR processing move cmfd76upp00d6rmdblurasom9: 
Invalid `prisma.$executeRaw()` invocation:


Raw query failed. Code: `42P01`. Message: `relation "AifNode" does not exist`
[2025-11-02T22:19:17.871Z] 
Processing move cmfd77bmu00djrmdb7a1teyhv (WHY) at 2025-09-09T23:45:04.422Z
[2025-11-02T22:19:17.871Z]   Creating DM-node: DM:cmfd77bmu00djrmdb7a1teyhv (WHY)
[2025-11-02T22:19:18.455Z]   ERROR processing move cmfd77bmu00djrmdb7a1teyhv: 
Invalid `prisma.$executeRaw()` invocation:


Raw query failed. Code: `42P01`. Message: `relation "AifNode" does not exist`
[2025-11-02T22:19:18.455Z] 
Processing move cmfd7ez5u00kermdbs31llkml (WHY) at 2025-09-09T23:51:01.506Z
[2025-11-02T22:19:18.455Z]   Creating DM-node: DM:cmfd7ez5u00kermdbs31llkml (WHY)
[2025-11-02T22:19:18.671Z]   ERROR processing move cmfd7ez5u00kermdbs31llkml: 
Invalid `prisma.$executeRaw()` invocation:


Raw query failed. Code: `42P01`. Message: `relation "AifNode" does not exist`
[2025-11-02T22:19:18.672Z] 
Processing move cmfd7f8gl00kzrmdbb3j7y54w (GROUNDS) at 2025-09-09T23:51:13.483Z
[2025-11-02T22:19:18.672Z]   Creating DM-node: DM:cmfd7f8gl00kzrmdbb3j7y54w (GROUNDS)
[2025-11-02T22:19:18.864Z]   ERROR processing move cmfd7f8gl00kzrmdbb3j7y54w: 
Invalid `prisma.$executeRaw()` invocation:


Raw query failed. Code: `42P01`. Message: `relation "AifNode" does not exist`
[2025-11-02T22:19:18.864Z] 
Processing move cmfega715004prmr98be6klhg (ASSERT) at 2025-09-10T20:47:01.144Z
[2025-11-02T22:19:18.864Z]   Creating DM-node: DM:cmfega715004prmr98be6klhg (ASSERT)
[2025-11-02T22:19:19.053Z]   ERROR processing move cmfega715004prmr98be6klhg: 
Invalid `prisma.$executeRaw()` invocation:


Raw query failed. Code: `42P01`. Message: `relation "AifNode" does not exist`
[2025-11-02T22:19:19.054Z] 
Processing move cmfega715004qrmr9t23vux6t (WHY) at 2025-09-10T20:47:01.144Z
[2025-11-02T22:19:19.054Z]   Creating DM-node: DM:cmfega715004qrmr9t23vux6t (WHY)
[2025-11-02T22:19:19.733Z]   ERROR processing move cmfega715004qrmr9t23vux6t: 
Invalid `prisma.$executeRaw()` invocation:


Raw query failed. Code: `42P01`. Message: `relation "AifNode" does not exist`
[2025-11-02T22:19:19.733Z] 
Processing move cmfegl1m800e8rmr9l5g0f0mf (WHY) at 2025-09-10T20:55:27.344Z
[2025-11-02T22:19:19.733Z]   Creating DM-node: DM:cmfegl1m800e8rmr9l5g0f0mf (WHY)
[2025-11-02T22:19:19.922Z]   ERROR processing move cmfegl1m800e8rmr9l5g0f0mf: 
Invalid `prisma.$executeRaw()` invocation:


Raw query failed. Code: `42P01`. Message: `relation "AifNode" does not exist`
[2025-11-02T22:19:19.922Z] 
Processing move cmfegl1m800e7rmr92bpiqtt0 (ASSERT) at 2025-09-10T20:55:27.344Z
[2025-11-02T22:19:19.922Z]   Creating DM-node: DM:cmfegl1m800e7rmr92bpiqtt0 (ASSERT)
[2025-11-02T22:19:20.123Z]   ERROR processing move cmfegl1m800e7rmr92bpiqtt0: 
Invalid `prisma.$executeRaw()` invocation:


Raw query failed. Code: `42P01`. Message: `relation "AifNode" does not exist`
[2025-11-02T22:19:20.123Z] 
Processing move cmfejiy5t00irrmr9bxe91vd8 (ASSERT) at 2025-09-10T22:17:48.401Z
[2025-11-02T22:19:20.123Z]   Creating DM-node: DM:cmfejiy5t00irrmr9bxe91vd8 (ASSERT)
[2025-11-02T22:19:20.314Z]   ERROR processing move cmfejiy5t00irrmr9bxe91vd8: 
Invalid `prisma.$executeRaw()` invocation:


Raw query failed. Code: `42P01`. Message: `relation "AifNode" does not exist`
[2025-11-02T22:19:20.315Z] 
Processing move cmfeynpm700nvrmr90j88819e (WHY) at 2025-09-11T05:21:24.774Z
[2025-11-02T22:19:20.315Z]   Creating DM-node: DM:cmfeynpm700nvrmr90j88819e (WHY)
[2025-11-02T22:19:20.506Z]   ERROR processing move cmfeynpm700nvrmr90j88819e: 
Invalid `prisma.$executeRaw()` invocation:


Raw query failed. Code: `42P01`. Message: `relation "AifNode" does not exist`
[2025-11-02T22:19:20.506Z] 
Processing move cmfeysll600smrmr97f4zbuuw (GROUNDS) at 2025-09-11T05:25:12.831Z
[2025-11-02T22:19:20.506Z]   Creating DM-node: DM:cmfeysll600smrmr97f4zbuuw (GROUNDS)
[2025-11-02T22:19:20.698Z]   ERROR processing move cmfeysll600smrmr97f4zbuuw: 
Invalid `prisma.$executeRaw()` invocation:


Raw query failed. Code: `42P01`. Message: `relation "AifNode" does not exist`
[2025-11-02T22:19:20.698Z] 
Processing move cmfeysmyh00srrmr9ijtxvyc5 (RETRACT) at 2025-09-11T05:25:14.607Z
[2025-11-02T22:19:20.698Z]   Creating DM-node: DM:cmfeysmyh00srrmr9ijtxvyc5 (RETRACT)
[2025-11-02T22:19:20.891Z]   ERROR processing move cmfeysmyh00srrmr9ijtxvyc5: 
Invalid `prisma.$executeRaw()` invocation:


Raw query failed. Code: `42P01`. Message: `relation "AifNode" does not exist`
[2025-11-02T22:19:20.891Z] 
Processing move cmfeysph100ssrmr98koi33jg (WHY) at 2025-09-11T05:25:17.941Z
[2025-11-02T22:19:20.891Z]   Creating DM-node: DM:cmfeysph100ssrmr98koi33jg (WHY)
[2025-11-02T22:19:21.086Z]   ERROR processing move cmfeysph100ssrmr98koi33jg: 
Invalid `prisma.$executeRaw()` invocation:


Raw query failed. Code: `42P01`. Message: `relation "AifNode" does not exist`
[2025-11-02T22:19:21.086Z] 
Processing move cmfeyspsn00svrmr9kobk2g0j (WHY) at 2025-09-11T05:25:18.360Z
[2025-11-02T22:19:21.086Z]   Creating DM-node: DM:cmfeyspsn00svrmr9kobk2g0j (WHY)
[2025-11-02T22:19:21.279Z]   ERROR processing move cmfeyspsn00svrmr9kobk2g0j: 
Invalid `prisma.$executeRaw()` invocation:


Raw query failed. Code: `42P01`. Message: `relation "AifNode" does not exist`
[2025-11-02T22:19:21.279Z] 
Processing move cmfez62o700zarmr9fldnefsg (WHY) at 2025-09-11T05:35:41.505Z
[2025-11-02T22:19:21.279Z]   Creating DM-node: DM:cmfez62o700zarmr9fldnefsg (WHY)
[2025-11-02T22:19:21.493Z]   ERROR processing move cmfez62o700zarmr9fldnefsg: 
Invalid `prisma.$executeRaw()` invocation:


Raw query failed. Code: `42P01`. Message: `relation "AifNode" does not exist`
[2025-11-02T22:19:21.494Z] 
Processing move cmff2gmy301fgrmr96d9qdhm0 (WHY) at 2025-09-11T07:07:53.153Z
[2025-11-02T22:19:21.494Z]   Creating DM-node: DM:cmff2gmy301fgrmr96d9qdhm0 (WHY)
[2025-11-02T22:19:21.689Z]   ERROR processing move cmff2gmy301fgrmr96d9qdhm0: 
Invalid `prisma.$executeRaw()` invocation:


Raw query failed. Code: `42P01`. Message: `relation "AifNode" does not exist`
[2025-11-02T22:19:21.689Z] 
Processing move cmff2gnyx01fhrmr9hwqdowc8 (WHY) at 2025-09-11T07:07:54.586Z
[2025-11-02T22:19:21.689Z]   Creating DM-node: DM:cmff2gnyx01fhrmr9hwqdowc8 (WHY)
[2025-11-02T22:19:21.882Z]   ERROR processing move cmff2gnyx01fhrmr9hwqdowc8: 
Invalid `prisma.$executeRaw()` invocation:


Raw query failed. Code: `42P01`. Message: `relation "AifNode" does not exist`
[2025-11-02T22:19:21.882Z] 
Processing move cmff2h1cs01gbrmr958aywqf0 (WHY) at 2025-09-11T07:08:11.932Z
[2025-11-02T22:19:21.882Z]   Creating DM-node: DM:cmff2h1cs01gbrmr958aywqf0 (WHY)
[2025-11-02T22:19:22.099Z]   ERROR processing move cmff2h1cs01gbrmr958aywqf0: 
Invalid `prisma.$executeRaw()` invocation:


Raw query failed. Code: `42P01`. Message: `relation "AifNode" does not exist`
[2025-11-02T22:19:22.099Z] 
Processing move cmff2h1cr01garmr9zbvmh98d (WHY) at 2025-09-11T07:08:11.932Z
[2025-11-02T22:19:22.099Z]   Creating DM-node: DM:cmff2h1cr01garmr9zbvmh98d (WHY)
[2025-11-02T22:19:22.299Z]   ERROR processing move cmff2h1cr01garmr9zbvmh98d: 
Invalid `prisma.$executeRaw()` invocation:


Raw query failed. Code: `42P01`. Message: `relation "AifNode" does not exist`
[2025-11-02T22:19:22.300Z] 
❌ FATAL ERROR: Transaction API error: Transaction already closed: A commit cannot be executed on an expired transaction. The timeout for this transaction was 5000 ms, however 11262 ms passed since the start of the transaction. Consider increasing the interactive transaction timeout or doing less work in the transaction.
[2025-11-02T22:19:22.302Z] PrismaClientKnownRequestError: Transaction API error: Transaction already closed: A commit cannot be executed on an expired transaction. The timeout for this transaction was 5000 ms, however 11262 ms passed since the start of the transaction. Consider increasing the interactive transaction timeout or doing less work in the transaction.
    at Gr.transaction (/Users/rohanmathur/Documents/Documents/mesh/node_modules/@prisma/client/src/runtime/core/engines/library/LibraryEngine.ts:217:13)
    at async Proxy._transactionWithCallback (/Users/rohanmathur/Documents/Documents/mesh/node_modules/@prisma/client/src/runtime/getPrismaClient.ts:725:9)
    at async runMigration (/Users/rohanmathur/Documents/Documents/mesh/scripts/add-dialogue-aif-links.ts:286:22)
